build/app/intermediates/manifest_merge_blame_file/debug/manifest-merger-blame-debug-report.txt
1<?xml version="1.0" encoding="utf-8"?>
2<manifest xmlns:android="http://schemas.android.com/apk/res/android"
3    package="co.aryandubey.flash_chat"
4    android:versionCode="1"
5    android:versionName="1.0.0" >
6
7    <uses-sdk
8        android:minSdkVersion="16"
9        android:targetSdkVersion="29" />
10    <!--
11         Flutter needs it to communicate with the running application
12         to allow setting breakpoints, to provide hot reload, etc.
13    -->
14    <uses-permission android:name="android.permission.INTERNET" />
14-->src\debug\AndroidManifest.xml:6:5-66
14-->src\debug\AndroidManifest.xml:6:22-64
15    <uses-permission android:name="android.permission.ACCESS_NETWORK_STATE" />
15-->[com.google.firebase:firebase-auth:21.0.1] AndroidManifest.xml:24:5-79
15-->[com.google.firebase:firebase-auth:21.0.1] AndroidManifest.xml:24:22-76
16    <uses-permission android:name="android.permission.WAKE_LOCK" />
16-->[com.google.android.gms:play-services-measurement:19.0.0] AndroidManifest.xml:25:5-68
16-->[com.google.android.gms:play-services-measurement:19.0.0] AndroidManifest.xml:25:22-65
17    <uses-permission android:name="com.google.android.finsky.permission.BIND_GET_INSTALL_REFERRER_SERVICE" />
17-->[com.google.android.gms:play-services-measurement:19.0.0] AndroidManifest.xml:26:5-110
17-->[com.google.android.gms:play-services-measurement:19.0.0] AndroidManifest.xml:26:22-107
18    <!--
19 io.flutter.app.FlutterApplication is an android.app.Application that
20         calls FlutterMain.startInitialization(this); in its onCreate method.
21         In most cases you can leave this as-is, but you if you want to provide
22         additional functionality it is fine to subclass or reimplement
23         FlutterApplication and put your custom class here.
24    -->
25    <application
25-->src\main\AndroidManifest.xml:9:5-32:19
26        android:name="io.flutter.app.FlutterApplication"
26-->src\main\AndroidManifest.xml:10:9-57
27        android:appComponentFactory="androidx.core.app.CoreComponentFactory"
27-->[androidx.core:core:1.1.0] AndroidManifest.xml:24:18-86
28        android:debuggable="true"
29        android:icon="@mipmap/ic_launcher"
29-->src\main\AndroidManifest.xml:12:9-43
30        android:label="flash_chat" >
30-->src\main\AndroidManifest.xml:11:9-35
31        <activity
31-->src\main\AndroidManifest.xml:13:9-31:20
32            android:name="co.appbrewery.flash_chat.MainActivity"
32-->src\main\AndroidManifest.xml:14:13-41
33            android:configChanges="orientation|keyboardHidden|keyboard|screenSize|locale|layoutDirection|fontScale|screenLayout|density|uiMode"
33-->src\main\AndroidManifest.xml:17:13-144
34            android:hardwareAccelerated="true"
34-->src\main\AndroidManifest.xml:18:13-47
35            android:launchMode="singleTop"
35-->src\main\AndroidManifest.xml:15:13-43
36            android:theme="@style/LaunchTheme"
36-->src\main\AndroidManifest.xml:16:13-47
37            android:windowSoftInputMode="adjustResize" >
37-->src\main\AndroidManifest.xml:19:13-55
38
39            <!--
40                 This keeps the window background of the activity showing
41                 until Flutter renders its first frame. It can be removed if
42                 there is no splash screen (such as the default splash screen
43                 defined in @style/LaunchTheme).
44            -->
45            <meta-data
45-->src\main\AndroidManifest.xml:24:13-26:40
46                android:name="io.flutter.app.android.SplashScreenUntilFirstFrame"
46-->src\main\AndroidManifest.xml:25:17-82
47                android:value="true" />
47-->src\main\AndroidManifest.xml:26:17-37
48
49            <intent-filter>
49-->src\main\AndroidManifest.xml:27:13-30:29
50                <action android:name="android.intent.action.MAIN" />
50-->src\main\AndroidManifest.xml:28:17-68
50-->src\main\AndroidManifest.xml:28:25-66
51
52                <category android:name="android.intent.category.LAUNCHER" />
52-->src\main\AndroidManifest.xml:29:17-76
52-->src\main\AndroidManifest.xml:29:27-74
53            </intent-filter>
54        </activity>
55        <activity
55-->[com.google.firebase:firebase-auth:21.0.1] AndroidManifest.xml:27:9-44:20
56            android:name="com.google.firebase.auth.internal.GenericIdpActivity"
56-->[com.google.firebase:firebase-auth:21.0.1] AndroidManifest.xml:28:13-80
57            android:excludeFromRecents="true"
57-->[com.google.firebase:firebase-auth:21.0.1] AndroidManifest.xml:29:13-46
58            android:exported="true"
58-->[com.google.firebase:firebase-auth:21.0.1] AndroidManifest.xml:30:13-36
59            android:launchMode="singleTask"
59-->[com.google.firebase:firebase-auth:21.0.1] AndroidManifest.xml:31:13-44
60            android:theme="@android:style/Theme.Translucent.NoTitleBar" >
60-->[com.google.firebase:firebase-auth:21.0.1] AndroidManifest.xml:32:13-72
61            <intent-filter>
61-->[com.google.firebase:firebase-auth:21.0.1] AndroidManifest.xml:33:13-43:29
62                <action android:name="android.intent.action.VIEW" />
62-->[com.google.firebase:firebase-auth:21.0.1] AndroidManifest.xml:34:17-69
62-->[com.google.firebase:firebase-auth:21.0.1] AndroidManifest.xml:34:25-66
63
64                <category android:name="android.intent.category.DEFAULT" />
64-->[com.google.firebase:firebase-auth:21.0.1] AndroidManifest.xml:36:17-76
64-->[com.google.firebase:firebase-auth:21.0.1] AndroidManifest.xml:36:27-73
65                <category android:name="android.intent.category.BROWSABLE" />
65-->[com.google.firebase:firebase-auth:21.0.1] AndroidManifest.xml:37:17-78
65-->[com.google.firebase:firebase-auth:21.0.1] AndroidManifest.xml:37:27-75
66
67                <data
67-->[com.google.firebase:firebase-auth:21.0.1] AndroidManifest.xml:39:17-42:51
68                    android:host="firebase.auth"
68-->[com.google.firebase:firebase-auth:21.0.1] AndroidManifest.xml:40:21-49
69                    android:path="/"
69-->[com.google.firebase:firebase-auth:21.0.1] AndroidManifest.xml:41:21-37
70                    android:scheme="genericidp" />
70-->[com.google.firebase:firebase-auth:21.0.1] AndroidManifest.xml:42:21-48
71            </intent-filter>
72        </activity>
73        <activity
73-->[com.google.firebase:firebase-auth:21.0.1] AndroidManifest.xml:45:9-62:20
74            android:name="com.google.firebase.auth.internal.RecaptchaActivity"
74-->[com.google.firebase:firebase-auth:21.0.1] AndroidManifest.xml:46:13-79
75            android:excludeFromRecents="true"
75-->[com.google.firebase:firebase-auth:21.0.1] AndroidManifest.xml:47:13-46
76            android:exported="true"
76-->[com.google.firebase:firebase-auth:21.0.1] AndroidManifest.xml:48:13-36
77            android:launchMode="singleTask"
77-->[com.google.firebase:firebase-auth:21.0.1] AndroidManifest.xml:49:13-44
78            android:theme="@android:style/Theme.Translucent.NoTitleBar" >
78-->[com.google.firebase:firebase-auth:21.0.1] AndroidManifest.xml:50:13-72
79            <intent-filter>
79-->[com.google.firebase:firebase-auth:21.0.1] AndroidManifest.xml:51:13-61:29
80                <action android:name="android.intent.action.VIEW" />
80-->[com.google.firebase:firebase-auth:21.0.1] AndroidManifest.xml:34:17-69
80-->[com.google.firebase:firebase-auth:21.0.1] AndroidManifest.xml:34:25-66
81
82                <category android:name="android.intent.category.DEFAULT" />
82-->[com.google.firebase:firebase-auth:21.0.1] AndroidManifest.xml:36:17-76
82-->[com.google.firebase:firebase-auth:21.0.1] AndroidManifest.xml:36:27-73
83                <category android:name="android.intent.category.BROWSABLE" />
83-->[com.google.firebase:firebase-auth:21.0.1] AndroidManifest.xml:37:17-78
83-->[com.google.firebase:firebase-auth:21.0.1] AndroidManifest.xml:37:27-75
84
85                <data
85-->[com.google.firebase:firebase-auth:21.0.1] AndroidManifest.xml:39:17-42:51
86                    android:host="firebase.auth"
86-->[com.google.firebase:firebase-auth:21.0.1] AndroidManifest.xml:40:21-49
87                    android:path="/"
87-->[com.google.firebase:firebase-auth:21.0.1] AndroidManifest.xml:41:21-37
88                    android:scheme="recaptcha" />
88-->[com.google.firebase:firebase-auth:21.0.1] AndroidManifest.xml:42:21-48
89            </intent-filter>
90        </activity>
91
92        <service
92-->[com.google.firebase:firebase-auth:21.0.1] AndroidManifest.xml:64:9-73:19
93            android:name="com.google.firebase.auth.api.fallback.service.FirebaseAuthFallbackService"
93-->[com.google.firebase:firebase-auth:21.0.1] AndroidManifest.xml:65:13-101
94            android:enabled="true"
94-->[com.google.firebase:firebase-auth:21.0.1] AndroidManifest.xml:66:13-35
95            android:exported="false" >
95-->[com.google.firebase:firebase-auth:21.0.1] AndroidManifest.xml:67:13-37
96            <intent-filter>
96-->[com.google.firebase:firebase-auth:21.0.1] AndroidManifest.xml:68:13-72:29
97                <action android:name="com.google.firebase.auth.api.gms.service.START" />
97-->[com.google.firebase:firebase-auth:21.0.1] AndroidManifest.xml:69:17-89
97-->[com.google.firebase:firebase-auth:21.0.1] AndroidManifest.xml:69:25-86
98
99                <category android:name="android.intent.category.DEFAULT" />
99-->[com.google.firebase:firebase-auth:21.0.1] AndroidManifest.xml:36:17-76
99-->[com.google.firebase:firebase-auth:21.0.1] AndroidManifest.xml:36:27-73
100            </intent-filter>
101        </service>
102        <service
102-->[com.google.firebase:firebase-auth:21.0.1] AndroidManifest.xml:74:9-80:19
103            android:name="com.google.firebase.components.ComponentDiscoveryService"
103-->[com.google.firebase:firebase-auth:21.0.1] AndroidManifest.xml:75:13-84
104            android:directBootAware="true"
104-->[com.google.firebase:firebase-common:20.0.0] AndroidManifest.xml:35:13-43
105            android:exported="false" >
105-->[com.google.firebase:firebase-auth:21.0.1] AndroidManifest.xml:76:13-37
106            <meta-data
106-->[com.google.firebase:firebase-auth:21.0.1] AndroidManifest.xml:77:13-79:85
107                android:name="com.google.firebase.components:com.google.firebase.auth.FirebaseAuthRegistrar"
107-->[com.google.firebase:firebase-auth:21.0.1] AndroidManifest.xml:78:17-109
108                android:value="com.google.firebase.components.ComponentRegistrar" />
108-->[com.google.firebase:firebase-auth:21.0.1] AndroidManifest.xml:79:17-82
109            <meta-data
109-->[com.google.firebase:firebase-firestore:23.0.1] AndroidManifest.xml:20:13-22:85
110                android:name="com.google.firebase.components:com.google.firebase.firestore.FirestoreRegistrar"
110-->[com.google.firebase:firebase-firestore:23.0.1] AndroidManifest.xml:21:17-111
111                android:value="com.google.firebase.components.ComponentRegistrar" />
111-->[com.google.firebase:firebase-firestore:23.0.1] AndroidManifest.xml:22:17-82
112            <meta-data
112-->[com.google.android.gms:play-services-measurement-api:19.0.0] AndroidManifest.xml:30:13-32:85
113                android:name="com.google.firebase.components:com.google.firebase.analytics.connector.internal.AnalyticsConnectorRegistrar"
113-->[com.google.android.gms:play-services-measurement-api:19.0.0] AndroidManifest.xml:31:17-139
114                android:value="com.google.firebase.components.ComponentRegistrar" />
114-->[com.google.android.gms:play-services-measurement-api:19.0.0] AndroidManifest.xml:32:17-82
115            <meta-data
115-->[com.google.firebase:firebase-installations:17.0.0] AndroidManifest.xml:18:13-20:85
116                android:name="com.google.firebase.components:com.google.firebase.installations.FirebaseInstallationsRegistrar"
116-->[com.google.firebase:firebase-installations:17.0.0] AndroidManifest.xml:19:17-127
117                android:value="com.google.firebase.components.ComponentRegistrar" />
117-->[com.google.firebase:firebase-installations:17.0.0] AndroidManifest.xml:20:17-82
118        </service>
119
120        <activity
120-->[com.google.android.gms:play-services-base:17.1.0] AndroidManifest.xml:23:9-26:75
121            android:name="com.google.android.gms.common.api.GoogleApiActivity"
121-->[com.google.android.gms:play-services-base:17.1.0] AndroidManifest.xml:24:13-79
122            android:exported="false"
122-->[com.google.android.gms:play-services-base:17.1.0] AndroidManifest.xml:25:13-37
123            android:theme="@android:style/Theme.Translucent.NoTitleBar" />
123-->[com.google.android.gms:play-services-base:17.1.0] AndroidManifest.xml:26:13-72
124
125        <receiver
125-->[com.google.android.gms:play-services-measurement:19.0.0] AndroidManifest.xml:29:9-33:20
126            android:name="com.google.android.gms.measurement.AppMeasurementReceiver"
126-->[com.google.android.gms:play-services-measurement:19.0.0] AndroidManifest.xml:30:13-85
127            android:enabled="true"
127-->[com.google.android.gms:play-services-measurement:19.0.0] AndroidManifest.xml:31:13-35
128            android:exported="false" >
128-->[com.google.android.gms:play-services-measurement:19.0.0] AndroidManifest.xml:32:13-37
129        </receiver>
130
131        <service
131-->[com.google.android.gms:play-services-measurement:19.0.0] AndroidManifest.xml:35:9-38:40
132            android:name="com.google.android.gms.measurement.AppMeasurementService"
132-->[com.google.android.gms:play-services-measurement:19.0.0] AndroidManifest.xml:36:13-84
133            android:enabled="true"
133-->[com.google.android.gms:play-services-measurement:19.0.0] AndroidManifest.xml:37:13-35
134            android:exported="false" />
134-->[com.google.android.gms:play-services-measurement:19.0.0] AndroidManifest.xml:38:13-37
135        <service
135-->[com.google.android.gms:play-services-measurement:19.0.0] AndroidManifest.xml:39:9-43:72
136            android:name="com.google.android.gms.measurement.AppMeasurementJobService"
136-->[com.google.android.gms:play-services-measurement:19.0.0] AndroidManifest.xml:40:13-87
137            android:enabled="true"
137-->[com.google.android.gms:play-services-measurement:19.0.0] AndroidManifest.xml:41:13-35
138            android:exported="false"
138-->[com.google.android.gms:play-services-measurement:19.0.0] AndroidManifest.xml:42:13-37
139            android:permission="android.permission.BIND_JOB_SERVICE" />
139-->[com.google.android.gms:play-services-measurement:19.0.0] AndroidManifest.xml:43:13-69
140
141        <provider
141-->[com.google.firebase:firebase-common:20.0.0] AndroidManifest.xml:26:9-31:39
142            android:name="com.google.firebase.provider.FirebaseInitProvider"
142-->[com.google.firebase:firebase-common:20.0.0] AndroidManifest.xml:27:13-77
143            android:authorities="co.aryandubey.flash_chat.firebaseinitprovider"
143-->[com.google.firebase:firebase-common:20.0.0] AndroidManifest.xml:28:13-72
144            android:directBootAware="true"
144-->[com.google.firebase:firebase-common:20.0.0] AndroidManifest.xml:29:13-43
145            android:exported="false"
145-->[com.google.firebase:firebase-common:20.0.0] AndroidManifest.xml:30:13-37
146            android:initOrder="100" />
146-->[com.google.firebase:firebase-common:20.0.0] AndroidManifest.xml:31:13-36
147
148        <meta-data
148-->[com.google.android.gms:play-services-basement:17.1.0] AndroidManifest.xml:23:9-25:69
149            android:name="com.google.android.gms.version"
149-->[com.google.android.gms:play-services-basement:17.1.0] AndroidManifest.xml:24:13-58
150            android:value="@integer/google_play_services_version" />
150-->[com.google.android.gms:play-services-basement:17.1.0] AndroidManifest.xml:25:13-66
151    </application>
152
153</manifest>